<?xml version="1.0" encoding="UTF-8"?>
<!-- Generated by org.testng.reporters.JUnitReportReporter -->
<testsuite skipped="0" hostname="DESKTOP-353358V" name="airlinemainpage.aamain" tests="1" failures="0" timestamp="03 Jul 2019 16:43:29 GMT" time="23.213" errors="0">
  <testcase name="t1" time="23.213" classname="airlinemainpage.aamain"/>
</testsuite> <!-- airlinemainpage.aamain -->
